20:23:14.281 [main] INFO  api.test.UserTests - ********************* creating new user ************************
20:23:15.761 [main] INFO  api.test.UserTests - ********************* user is created ************************
20:23:15.783 [main] INFO  api.test.UserTests - ********************* reading user info ************************
20:23:16.009 [main] INFO  api.test.UserTests - ********************* user info displayed ************************
20:23:16.011 [main] INFO  api.test.UserTests - ********************* updating user info ************************
20:23:16.192 [main] INFO  api.test.UserTests - ********************* user info updated ************************
20:23:16.566 [main] INFO  api.test.UserTests - ********************* user info updated ************************
20:23:16.569 [main] INFO  api.test.UserTests - ********************* deleting a user ************************
20:23:16.910 [main] INFO  api.test.UserTests - ********************* user is deleted ************************
20:24:55.557 [main] INFO  api.test.UserTests - ********************* creating new user ************************
20:24:56.931 [main] INFO  api.test.UserTests - ********************* user is created ************************
20:24:56.943 [main] INFO  api.test.UserTests - ********************* reading user info ************************
20:24:57.144 [main] INFO  api.test.UserTests - ********************* user info displayed ************************
20:24:57.147 [main] INFO  api.test.UserTests - ********************* updating user info ************************
20:24:57.316 [main] INFO  api.test.UserTests - ********************* user info updated ************************
20:24:57.496 [main] INFO  api.test.UserTests - ********************* user info updated ************************
20:24:57.498 [main] INFO  api.test.UserTests - ********************* deleting a user ************************
20:24:57.663 [main] INFO  api.test.UserTests - ********************* user is deleted ************************
14:07:42.548 [main] INFO  api.test.UserTests2 - ********************* creating new user ************************
14:07:43.525 [main] INFO  api.test.UserTests2 - ********************* reading user info ************************
14:07:43.554 [main] INFO  api.test.UserTests2 - ********************* updating user info ************************
14:07:43.575 [main] INFO  api.test.UserTests2 - ********************* deleting a user ************************
14:08:51.323 [main] INFO  api.test.UserTests - ********************* creating new user ************************
14:08:53.150 [main] INFO  api.test.UserTests - ********************* user is created ************************
14:08:53.169 [main] INFO  api.test.UserTests - ********************* reading user info ************************
14:08:53.466 [main] INFO  api.test.UserTests - ********************* user info displayed ************************
14:08:53.469 [main] INFO  api.test.UserTests - ********************* updating user info ************************
14:08:53.653 [main] INFO  api.test.UserTests - ********************* user info updated ************************
14:08:53.813 [main] INFO  api.test.UserTests - ********************* user info updated ************************
14:08:53.815 [main] INFO  api.test.UserTests - ********************* deleting a user ************************
14:08:53.982 [main] INFO  api.test.UserTests - ********************* user is deleted ************************
14:09:21.250 [main] INFO  api.test.UserTests2 - ********************* creating new user ************************
14:09:22.202 [main] INFO  api.test.UserTests2 - ********************* reading user info ************************
14:09:22.231 [main] INFO  api.test.UserTests2 - ********************* updating user info ************************
14:09:22.246 [main] INFO  api.test.UserTests2 - ********************* deleting a user ************************
14:12:42.115 [main] INFO  api.test.UserTests2 - ********************* creating new user ************************
14:12:43.455 [main] INFO  api.test.UserTests2 - ********************* user is created ************************
14:12:43.460 [main] INFO  api.test.UserTests2 - ********************* reading user info ************************
14:12:43.690 [main] INFO  api.test.UserTests2 - ********************* user info displayed ************************
14:12:43.693 [main] INFO  api.test.UserTests2 - ********************* updating user info ************************
14:12:43.883 [main] INFO  api.test.UserTests2 - ********************* user info updated ************************
14:12:44.052 [main] INFO  api.test.UserTests2 - ********************* user info updated ************************
14:12:44.054 [main] INFO  api.test.UserTests2 - ********************* deleting a user ************************
14:12:44.263 [main] INFO  api.test.UserTests2 - ********************* user is deleted ************************
20:47:59.397 [main] INFO  api.test.UserTests2 - ********************* creating new user ************************
20:48:00.823 [main] INFO  api.test.UserTests2 - ********************* user is created ************************
20:48:00.835 [main] INFO  api.test.UserTests2 - ********************* reading user info ************************
20:48:01.084 [main] INFO  api.test.UserTests2 - ********************* user info displayed ************************
20:48:01.087 [main] INFO  api.test.UserTests2 - ********************* updating user info ************************
20:48:01.245 [main] INFO  api.test.UserTests2 - ********************* user info updated ************************
20:48:01.422 [main] INFO  api.test.UserTests2 - ********************* user info updated ************************
20:48:01.425 [main] INFO  api.test.UserTests2 - ********************* deleting a user ************************
20:48:01.597 [main] INFO  api.test.UserTests2 - ********************* user is deleted ************************
20:49:29.516 [main] INFO  api.test.UserTests2 - ********************* creating new user ************************
20:49:30.979 [main] INFO  api.test.UserTests2 - ********************* user is created ************************
20:49:30.990 [main] INFO  api.test.UserTests2 - ********************* reading user info ************************
20:49:31.177 [main] INFO  api.test.UserTests2 - ********************* user info displayed ************************
20:49:31.180 [main] INFO  api.test.UserTests2 - ********************* updating user info ************************
20:49:31.381 [main] INFO  api.test.UserTests2 - ********************* user info updated ************************
20:49:31.540 [main] INFO  api.test.UserTests2 - ********************* user info updated ************************
20:49:31.542 [main] INFO  api.test.UserTests2 - ********************* deleting a user ************************
20:49:31.720 [main] INFO  api.test.UserTests2 - ********************* user is deleted ************************
21:10:48.859 [main] INFO  api.test.UserTests2 - ********************* creating new user ************************
21:10:50.353 [main] INFO  api.test.UserTests2 - ********************* user is created ************************
21:10:50.364 [main] INFO  api.test.UserTests2 - ********************* reading user info ************************
21:10:50.567 [main] INFO  api.test.UserTests2 - ********************* user info displayed ************************
21:10:50.568 [main] INFO  api.test.UserTests2 - ********************* updating user info ************************
21:10:50.750 [main] INFO  api.test.UserTests2 - ********************* user info updated ************************
21:10:50.927 [main] INFO  api.test.UserTests2 - ********************* user info updated ************************
21:10:50.928 [main] INFO  api.test.UserTests2 - ********************* deleting a user ************************
21:10:51.086 [main] INFO  api.test.UserTests2 - ********************* user is deleted ************************
21:18:30.402 [main] INFO  api.test.UserTests2 - ********************* creating new user ************************
21:18:32.193 [main] INFO  api.test.UserTests2 - ********************* user is created ************************
21:18:32.206 [main] INFO  api.test.UserTests2 - ********************* reading user info ************************
21:18:32.403 [main] INFO  api.test.UserTests2 - ********************* user info displayed ************************
21:18:32.405 [main] INFO  api.test.UserTests2 - ********************* updating user info ************************
21:18:32.580 [main] INFO  api.test.UserTests2 - ********************* user info updated ************************
21:18:32.748 [main] INFO  api.test.UserTests2 - ********************* user info updated ************************
21:18:32.749 [main] INFO  api.test.UserTests2 - ********************* deleting a user ************************
21:18:32.913 [main] INFO  api.test.UserTests2 - ********************* user is deleted ************************
21:28:52.952 [main] INFO  api.test.UserTests2 - ********************* creating new user ************************
21:28:54.439 [main] INFO  api.test.UserTests2 - ********************* user is created ************************
21:28:54.451 [main] INFO  api.test.UserTests2 - ********************* reading user info ************************
21:28:54.653 [main] INFO  api.test.UserTests2 - ********************* user info displayed ************************
21:28:54.653 [main] INFO  api.test.UserTests2 - ********************* updating user info ************************
21:28:54.832 [main] INFO  api.test.UserTests2 - ********************* user info updated ************************
21:28:55.011 [main] INFO  api.test.UserTests2 - ********************* user info updated ************************
21:28:55.013 [main] INFO  api.test.UserTests2 - ********************* deleting a user ************************
21:28:55.221 [main] INFO  api.test.UserTests2 - ********************* user is deleted ************************
21:29:22.338 [main] INFO  api.test.UserTests2 - ********************* creating new user ************************
21:29:23.929 [main] INFO  api.test.UserTests2 - ********************* user is created ************************
21:29:23.944 [main] INFO  api.test.UserTests2 - ********************* reading user info ************************
21:29:24.152 [main] INFO  api.test.UserTests2 - ********************* user info displayed ************************
21:29:24.153 [main] INFO  api.test.UserTests2 - ********************* updating user info ************************
21:29:24.367 [main] INFO  api.test.UserTests2 - ********************* user info updated ************************
21:29:24.531 [main] INFO  api.test.UserTests2 - ********************* user info updated ************************
21:29:24.532 [main] INFO  api.test.UserTests2 - ********************* deleting a user ************************
21:29:24.700 [main] INFO  api.test.UserTests2 - ********************* user is deleted ************************
